[0.086s] DEBUG:colcon:Command line arguments: ['/usr/bin/colcon', 'build', '--symlink-install']
[0.086s] DEBUG:colcon:Parsed command line arguments: Namespace(log_base=None, log_level=None, verb_name='build', build_base='build', install_base='install', merge_install=False, symlink_install=True, test_result_base=None, continue_on_error=False, executor='parallel', parallel_workers=12, event_handlers=None, ignore_user_meta=False, metas=['./colcon.meta'], base_paths=['.'], packages_ignore=None, packages_ignore_regex=None, paths=None, packages_up_to=None, packages_up_to_regex=None, packages_above=None, packages_above_and_dependencies=None, packages_above_depth=None, packages_select_by_dep=None, packages_skip_by_dep=None, packages_skip_up_to=None, packages_select_build_failed=False, packages_skip_build_finished=False, packages_select_test_failures=False, packages_skip_test_passed=False, packages_select=None, packages_skip=None, packages_select_regex=None, packages_skip_regex=None, packages_start=None, packages_end=None, allow_overriding=[], cmake_args=None, cmake_target=None, cmake_target_skip_unavailable=False, cmake_clean_cache=False, cmake_clean_first=False, cmake_force_configure=False, ament_cmake_args=None, catkin_cmake_args=None, catkin_skip_building_tests=False, mixin_files=None, mixin=None, verb_parser=<colcon_mixin.mixin.mixin_argument.MixinArgumentDecorator object at 0x7f2aa016aad0>, verb_extension=<colcon_core.verb.build.BuildVerb object at 0x7f2aa016a620>, main=<bound method BuildVerb.main of <colcon_core.verb.build.BuildVerb object at 0x7f2aa016a620>>, mixin_verb=('build',))
[0.227s] Level 1:colcon.colcon_core.package_discovery:discover_packages(colcon_meta) check parameters
[0.227s] Level 1:colcon.colcon_core.package_discovery:discover_packages(recursive) check parameters
[0.227s] Level 1:colcon.colcon_core.package_discovery:discover_packages(ignore) check parameters
[0.227s] Level 1:colcon.colcon_core.package_discovery:discover_packages(path) check parameters
[0.227s] Level 1:colcon.colcon_core.package_discovery:discover_packages(colcon_meta) discover
[0.227s] Level 1:colcon.colcon_core.package_discovery:discover_packages(recursive) discover
[0.227s] INFO:colcon.colcon_core.package_discovery:Crawling recursively for packages in '/home/wonny/word/src/project_gazebo'
[0.227s] Level 1:colcon.colcon_core.package_identification:_identify(.) by extensions ['ignore', 'ignore_ament_install']
[0.227s] Level 1:colcon.colcon_core.package_identification:_identify(.) by extension 'ignore'
[0.227s] Level 1:colcon.colcon_core.package_identification:_identify(.) by extension 'ignore_ament_install'
[0.227s] Level 1:colcon.colcon_core.package_identification:_identify(.) by extensions ['colcon_pkg']
[0.227s] Level 1:colcon.colcon_core.package_identification:_identify(.) by extension 'colcon_pkg'
[0.227s] Level 1:colcon.colcon_core.package_identification:_identify(.) by extensions ['colcon_meta']
[0.227s] Level 1:colcon.colcon_core.package_identification:_identify(.) by extension 'colcon_meta'
[0.227s] Level 1:colcon.colcon_core.package_identification:_identify(.) by extensions ['ros']
[0.227s] Level 1:colcon.colcon_core.package_identification:_identify(.) by extension 'ros'
[0.236s] Level 1:colcon.colcon_core.package_identification:_identify(.) by extensions ['cmake', 'python']
[0.236s] Level 1:colcon.colcon_core.package_identification:_identify(.) by extension 'cmake'
[0.236s] Level 1:colcon.colcon_core.package_identification:_identify(.) by extension 'python'
[0.237s] Level 1:colcon.colcon_core.package_identification:_identify(.) by extensions ['python_setup_py']
[0.237s] Level 1:colcon.colcon_core.package_identification:_identify(.) by extension 'python_setup_py'
[0.237s] Level 1:colcon.colcon_core.package_identification:_identify(build) by extensions ['ignore', 'ignore_ament_install']
[0.237s] Level 1:colcon.colcon_core.package_identification:_identify(build) by extension 'ignore'
[0.237s] Level 1:colcon.colcon_core.package_identification:_identify(build) ignored
[0.237s] Level 1:colcon.colcon_core.package_identification:_identify(config) by extensions ['ignore', 'ignore_ament_install']
[0.237s] Level 1:colcon.colcon_core.package_identification:_identify(config) by extension 'ignore'
[0.237s] Level 1:colcon.colcon_core.package_identification:_identify(config) by extension 'ignore_ament_install'
[0.237s] Level 1:colcon.colcon_core.package_identification:_identify(config) by extensions ['colcon_pkg']
[0.237s] Level 1:colcon.colcon_core.package_identification:_identify(config) by extension 'colcon_pkg'
[0.237s] Level 1:colcon.colcon_core.package_identification:_identify(config) by extensions ['colcon_meta']
[0.237s] Level 1:colcon.colcon_core.package_identification:_identify(config) by extension 'colcon_meta'
[0.237s] Level 1:colcon.colcon_core.package_identification:_identify(config) by extensions ['ros']
[0.237s] Level 1:colcon.colcon_core.package_identification:_identify(config) by extension 'ros'
[0.237s] Level 1:colcon.colcon_core.package_identification:_identify(config) by extensions ['cmake', 'python']
[0.237s] Level 1:colcon.colcon_core.package_identification:_identify(config) by extension 'cmake'
[0.237s] Level 1:colcon.colcon_core.package_identification:_identify(config) by extension 'python'
[0.237s] Level 1:colcon.colcon_core.package_identification:_identify(config) by extensions ['python_setup_py']
[0.237s] Level 1:colcon.colcon_core.package_identification:_identify(config) by extension 'python_setup_py'
[0.237s] Level 1:colcon.colcon_core.package_identification:_identify(config_ground_station) by extensions ['ignore', 'ignore_ament_install']
[0.237s] Level 1:colcon.colcon_core.package_identification:_identify(config_ground_station) by extension 'ignore'
[0.238s] Level 1:colcon.colcon_core.package_identification:_identify(config_ground_station) by extension 'ignore_ament_install'
[0.238s] Level 1:colcon.colcon_core.package_identification:_identify(config_ground_station) by extensions ['colcon_pkg']
[0.238s] Level 1:colcon.colcon_core.package_identification:_identify(config_ground_station) by extension 'colcon_pkg'
[0.238s] Level 1:colcon.colcon_core.package_identification:_identify(config_ground_station) by extensions ['colcon_meta']
[0.238s] Level 1:colcon.colcon_core.package_identification:_identify(config_ground_station) by extension 'colcon_meta'
[0.238s] Level 1:colcon.colcon_core.package_identification:_identify(config_ground_station) by extensions ['ros']
[0.238s] Level 1:colcon.colcon_core.package_identification:_identify(config_ground_station) by extension 'ros'
[0.238s] Level 1:colcon.colcon_core.package_identification:_identify(config_ground_station) by extensions ['cmake', 'python']
[0.238s] Level 1:colcon.colcon_core.package_identification:_identify(config_ground_station) by extension 'cmake'
[0.238s] Level 1:colcon.colcon_core.package_identification:_identify(config_ground_station) by extension 'python'
[0.238s] Level 1:colcon.colcon_core.package_identification:_identify(config_ground_station) by extensions ['python_setup_py']
[0.238s] Level 1:colcon.colcon_core.package_identification:_identify(config_ground_station) by extension 'python_setup_py'
[0.238s] Level 1:colcon.colcon_core.package_identification:_identify(install) by extensions ['ignore', 'ignore_ament_install']
[0.238s] Level 1:colcon.colcon_core.package_identification:_identify(install) by extension 'ignore'
[0.238s] Level 1:colcon.colcon_core.package_identification:_identify(install) ignored
[0.238s] Level 1:colcon.colcon_core.package_identification:_identify(log) by extensions ['ignore', 'ignore_ament_install']
[0.238s] Level 1:colcon.colcon_core.package_identification:_identify(log) by extension 'ignore'
[0.238s] Level 1:colcon.colcon_core.package_identification:_identify(log) ignored
[0.238s] Level 1:colcon.colcon_core.package_identification:_identify(models) by extensions ['ignore', 'ignore_ament_install']
[0.238s] Level 1:colcon.colcon_core.package_identification:_identify(models) by extension 'ignore'
[0.238s] Level 1:colcon.colcon_core.package_identification:_identify(models) by extension 'ignore_ament_install'
[0.238s] Level 1:colcon.colcon_core.package_identification:_identify(models) by extensions ['colcon_pkg']
[0.238s] Level 1:colcon.colcon_core.package_identification:_identify(models) by extension 'colcon_pkg'
[0.238s] Level 1:colcon.colcon_core.package_identification:_identify(models) by extensions ['colcon_meta']
[0.238s] Level 1:colcon.colcon_core.package_identification:_identify(models) by extension 'colcon_meta'
[0.239s] Level 1:colcon.colcon_core.package_identification:_identify(models) by extensions ['ros']
[0.239s] Level 1:colcon.colcon_core.package_identification:_identify(models) by extension 'ros'
[0.239s] Level 1:colcon.colcon_core.package_identification:_identify(models) by extensions ['cmake', 'python']
[0.239s] Level 1:colcon.colcon_core.package_identification:_identify(models) by extension 'cmake'
[0.239s] Level 1:colcon.colcon_core.package_identification:_identify(models) by extension 'python'
[0.239s] Level 1:colcon.colcon_core.package_identification:_identify(models) by extensions ['python_setup_py']
[0.239s] Level 1:colcon.colcon_core.package_identification:_identify(models) by extension 'python_setup_py'
[0.239s] Level 1:colcon.colcon_core.package_identification:_identify(models/full_jacket) by extensions ['ignore', 'ignore_ament_install']
[0.239s] Level 1:colcon.colcon_core.package_identification:_identify(models/full_jacket) by extension 'ignore'
[0.239s] Level 1:colcon.colcon_core.package_identification:_identify(models/full_jacket) by extension 'ignore_ament_install'
[0.239s] Level 1:colcon.colcon_core.package_identification:_identify(models/full_jacket) by extensions ['colcon_pkg']
[0.239s] Level 1:colcon.colcon_core.package_identification:_identify(models/full_jacket) by extension 'colcon_pkg'
[0.239s] Level 1:colcon.colcon_core.package_identification:_identify(models/full_jacket) by extensions ['colcon_meta']
[0.239s] Level 1:colcon.colcon_core.package_identification:_identify(models/full_jacket) by extension 'colcon_meta'
[0.239s] Level 1:colcon.colcon_core.package_identification:_identify(models/full_jacket) by extensions ['ros']
[0.239s] Level 1:colcon.colcon_core.package_identification:_identify(models/full_jacket) by extension 'ros'
[0.239s] Level 1:colcon.colcon_core.package_identification:_identify(models/full_jacket) by extensions ['cmake', 'python']
[0.239s] Level 1:colcon.colcon_core.package_identification:_identify(models/full_jacket) by extension 'cmake'
[0.239s] Level 1:colcon.colcon_core.package_identification:_identify(models/full_jacket) by extension 'python'
[0.239s] Level 1:colcon.colcon_core.package_identification:_identify(models/full_jacket) by extensions ['python_setup_py']
[0.239s] Level 1:colcon.colcon_core.package_identification:_identify(models/full_jacket) by extension 'python_setup_py'
[0.239s] Level 1:colcon.colcon_core.package_identification:_identify(models/jacket_frame) by extensions ['ignore', 'ignore_ament_install']
[0.239s] Level 1:colcon.colcon_core.package_identification:_identify(models/jacket_frame) by extension 'ignore'
[0.239s] Level 1:colcon.colcon_core.package_identification:_identify(models/jacket_frame) by extension 'ignore_ament_install'
[0.239s] Level 1:colcon.colcon_core.package_identification:_identify(models/jacket_frame) by extensions ['colcon_pkg']
[0.239s] Level 1:colcon.colcon_core.package_identification:_identify(models/jacket_frame) by extension 'colcon_pkg'
[0.239s] Level 1:colcon.colcon_core.package_identification:_identify(models/jacket_frame) by extensions ['colcon_meta']
[0.240s] Level 1:colcon.colcon_core.package_identification:_identify(models/jacket_frame) by extension 'colcon_meta'
[0.240s] Level 1:colcon.colcon_core.package_identification:_identify(models/jacket_frame) by extensions ['ros']
[0.240s] Level 1:colcon.colcon_core.package_identification:_identify(models/jacket_frame) by extension 'ros'
[0.240s] Level 1:colcon.colcon_core.package_identification:_identify(models/jacket_frame) by extensions ['cmake', 'python']
[0.240s] Level 1:colcon.colcon_core.package_identification:_identify(models/jacket_frame) by extension 'cmake'
[0.240s] Level 1:colcon.colcon_core.package_identification:_identify(models/jacket_frame) by extension 'python'
[0.240s] Level 1:colcon.colcon_core.package_identification:_identify(models/jacket_frame) by extensions ['python_setup_py']
[0.240s] Level 1:colcon.colcon_core.package_identification:_identify(models/jacket_frame) by extension 'python_setup_py'
[0.240s] Level 1:colcon.colcon_core.package_identification:_identify(models/quadrotor_base) by extensions ['ignore', 'ignore_ament_install']
[0.240s] Level 1:colcon.colcon_core.package_identification:_identify(models/quadrotor_base) by extension 'ignore'
[0.240s] Level 1:colcon.colcon_core.package_identification:_identify(models/quadrotor_base) by extension 'ignore_ament_install'
[0.240s] Level 1:colcon.colcon_core.package_identification:_identify(models/quadrotor_base) by extensions ['colcon_pkg']
[0.240s] Level 1:colcon.colcon_core.package_identification:_identify(models/quadrotor_base) by extension 'colcon_pkg'
[0.240s] Level 1:colcon.colcon_core.package_identification:_identify(models/quadrotor_base) by extensions ['colcon_meta']
[0.240s] Level 1:colcon.colcon_core.package_identification:_identify(models/quadrotor_base) by extension 'colcon_meta'
[0.240s] Level 1:colcon.colcon_core.package_identification:_identify(models/quadrotor_base) by extensions ['ros']
[0.240s] Level 1:colcon.colcon_core.package_identification:_identify(models/quadrotor_base) by extension 'ros'
[0.240s] Level 1:colcon.colcon_core.package_identification:_identify(models/quadrotor_base) by extensions ['cmake', 'python']
[0.240s] Level 1:colcon.colcon_core.package_identification:_identify(models/quadrotor_base) by extension 'cmake'
[0.240s] Level 1:colcon.colcon_core.package_identification:_identify(models/quadrotor_base) by extension 'python'
[0.240s] Level 1:colcon.colcon_core.package_identification:_identify(models/quadrotor_base) by extensions ['python_setup_py']
[0.240s] Level 1:colcon.colcon_core.package_identification:_identify(models/quadrotor_base) by extension 'python_setup_py'
[0.240s] Level 1:colcon.colcon_core.package_identification:_identify(models/quadrotor_base/materials) by extensions ['ignore', 'ignore_ament_install']
[0.240s] Level 1:colcon.colcon_core.package_identification:_identify(models/quadrotor_base/materials) by extension 'ignore'
[0.240s] Level 1:colcon.colcon_core.package_identification:_identify(models/quadrotor_base/materials) by extension 'ignore_ament_install'
[0.241s] Level 1:colcon.colcon_core.package_identification:_identify(models/quadrotor_base/materials) by extensions ['colcon_pkg']
[0.241s] Level 1:colcon.colcon_core.package_identification:_identify(models/quadrotor_base/materials) by extension 'colcon_pkg'
[0.241s] Level 1:colcon.colcon_core.package_identification:_identify(models/quadrotor_base/materials) by extensions ['colcon_meta']
[0.241s] Level 1:colcon.colcon_core.package_identification:_identify(models/quadrotor_base/materials) by extension 'colcon_meta'
[0.241s] Level 1:colcon.colcon_core.package_identification:_identify(models/quadrotor_base/materials) by extensions ['ros']
[0.241s] Level 1:colcon.colcon_core.package_identification:_identify(models/quadrotor_base/materials) by extension 'ros'
[0.241s] Level 1:colcon.colcon_core.package_identification:_identify(models/quadrotor_base/materials) by extensions ['cmake', 'python']
[0.241s] Level 1:colcon.colcon_core.package_identification:_identify(models/quadrotor_base/materials) by extension 'cmake'
[0.241s] Level 1:colcon.colcon_core.package_identification:_identify(models/quadrotor_base/materials) by extension 'python'
[0.241s] Level 1:colcon.colcon_core.package_identification:_identify(models/quadrotor_base/materials) by extensions ['python_setup_py']
[0.241s] Level 1:colcon.colcon_core.package_identification:_identify(models/quadrotor_base/materials) by extension 'python_setup_py'
[0.241s] Level 1:colcon.colcon_core.package_identification:_identify(models/quadrotor_base/materials/textures) by extensions ['ignore', 'ignore_ament_install']
[0.241s] Level 1:colcon.colcon_core.package_identification:_identify(models/quadrotor_base/materials/textures) by extension 'ignore'
[0.241s] Level 1:colcon.colcon_core.package_identification:_identify(models/quadrotor_base/materials/textures) by extension 'ignore_ament_install'
[0.241s] Level 1:colcon.colcon_core.package_identification:_identify(models/quadrotor_base/materials/textures) by extensions ['colcon_pkg']
[0.241s] Level 1:colcon.colcon_core.package_identification:_identify(models/quadrotor_base/materials/textures) by extension 'colcon_pkg'
[0.241s] Level 1:colcon.colcon_core.package_identification:_identify(models/quadrotor_base/materials/textures) by extensions ['colcon_meta']
[0.241s] Level 1:colcon.colcon_core.package_identification:_identify(models/quadrotor_base/materials/textures) by extension 'colcon_meta'
[0.241s] Level 1:colcon.colcon_core.package_identification:_identify(models/quadrotor_base/materials/textures) by extensions ['ros']
[0.241s] Level 1:colcon.colcon_core.package_identification:_identify(models/quadrotor_base/materials/textures) by extension 'ros'
[0.241s] Level 1:colcon.colcon_core.package_identification:_identify(models/quadrotor_base/materials/textures) by extensions ['cmake', 'python']
[0.241s] Level 1:colcon.colcon_core.package_identification:_identify(models/quadrotor_base/materials/textures) by extension 'cmake'
[0.241s] Level 1:colcon.colcon_core.package_identification:_identify(models/quadrotor_base/materials/textures) by extension 'python'
[0.241s] Level 1:colcon.colcon_core.package_identification:_identify(models/quadrotor_base/materials/textures) by extensions ['python_setup_py']
[0.241s] Level 1:colcon.colcon_core.package_identification:_identify(models/quadrotor_base/materials/textures) by extension 'python_setup_py'
[0.242s] Level 1:colcon.colcon_core.package_identification:_identify(models/quadrotor_base/meshes) by extensions ['ignore', 'ignore_ament_install']
[0.242s] Level 1:colcon.colcon_core.package_identification:_identify(models/quadrotor_base/meshes) by extension 'ignore'
[0.242s] Level 1:colcon.colcon_core.package_identification:_identify(models/quadrotor_base/meshes) by extension 'ignore_ament_install'
[0.242s] Level 1:colcon.colcon_core.package_identification:_identify(models/quadrotor_base/meshes) by extensions ['colcon_pkg']
[0.242s] Level 1:colcon.colcon_core.package_identification:_identify(models/quadrotor_base/meshes) by extension 'colcon_pkg'
[0.242s] Level 1:colcon.colcon_core.package_identification:_identify(models/quadrotor_base/meshes) by extensions ['colcon_meta']
[0.242s] Level 1:colcon.colcon_core.package_identification:_identify(models/quadrotor_base/meshes) by extension 'colcon_meta'
[0.242s] Level 1:colcon.colcon_core.package_identification:_identify(models/quadrotor_base/meshes) by extensions ['ros']
[0.242s] Level 1:colcon.colcon_core.package_identification:_identify(models/quadrotor_base/meshes) by extension 'ros'
[0.242s] Level 1:colcon.colcon_core.package_identification:_identify(models/quadrotor_base/meshes) by extensions ['cmake', 'python']
[0.242s] Level 1:colcon.colcon_core.package_identification:_identify(models/quadrotor_base/meshes) by extension 'cmake'
[0.242s] Level 1:colcon.colcon_core.package_identification:_identify(models/quadrotor_base/meshes) by extension 'python'
[0.242s] Level 1:colcon.colcon_core.package_identification:_identify(models/quadrotor_base/meshes) by extensions ['python_setup_py']
[0.242s] Level 1:colcon.colcon_core.package_identification:_identify(models/quadrotor_base/meshes) by extension 'python_setup_py'
[0.242s] Level 1:colcon.colcon_core.package_identification:_identify(models/test) by extensions ['ignore', 'ignore_ament_install']
[0.242s] Level 1:colcon.colcon_core.package_identification:_identify(models/test) by extension 'ignore'
[0.242s] Level 1:colcon.colcon_core.package_identification:_identify(models/test) by extension 'ignore_ament_install'
[0.242s] Level 1:colcon.colcon_core.package_identification:_identify(models/test) by extensions ['colcon_pkg']
[0.242s] Level 1:colcon.colcon_core.package_identification:_identify(models/test) by extension 'colcon_pkg'
[0.242s] Level 1:colcon.colcon_core.package_identification:_identify(models/test) by extensions ['colcon_meta']
[0.242s] Level 1:colcon.colcon_core.package_identification:_identify(models/test) by extension 'colcon_meta'
[0.242s] Level 1:colcon.colcon_core.package_identification:_identify(models/test) by extensions ['ros']
[0.242s] Level 1:colcon.colcon_core.package_identification:_identify(models/test) by extension 'ros'
[0.242s] Level 1:colcon.colcon_core.package_identification:_identify(models/test) by extensions ['cmake', 'python']
[0.242s] Level 1:colcon.colcon_core.package_identification:_identify(models/test) by extension 'cmake'
[0.242s] Level 1:colcon.colcon_core.package_identification:_identify(models/test) by extension 'python'
[0.242s] Level 1:colcon.colcon_core.package_identification:_identify(models/test) by extensions ['python_setup_py']
[0.242s] Level 1:colcon.colcon_core.package_identification:_identify(models/test) by extension 'python_setup_py'
[0.243s] Level 1:colcon.colcon_core.package_identification:_identify(models/tower_crane) by extensions ['ignore', 'ignore_ament_install']
[0.243s] Level 1:colcon.colcon_core.package_identification:_identify(models/tower_crane) by extension 'ignore'
[0.243s] Level 1:colcon.colcon_core.package_identification:_identify(models/tower_crane) by extension 'ignore_ament_install'
[0.243s] Level 1:colcon.colcon_core.package_identification:_identify(models/tower_crane) by extensions ['colcon_pkg']
[0.243s] Level 1:colcon.colcon_core.package_identification:_identify(models/tower_crane) by extension 'colcon_pkg'
[0.243s] Level 1:colcon.colcon_core.package_identification:_identify(models/tower_crane) by extensions ['colcon_meta']
[0.243s] Level 1:colcon.colcon_core.package_identification:_identify(models/tower_crane) by extension 'colcon_meta'
[0.243s] Level 1:colcon.colcon_core.package_identification:_identify(models/tower_crane) by extensions ['ros']
[0.243s] Level 1:colcon.colcon_core.package_identification:_identify(models/tower_crane) by extension 'ros'
[0.243s] Level 1:colcon.colcon_core.package_identification:_identify(models/tower_crane) by extensions ['cmake', 'python']
[0.243s] Level 1:colcon.colcon_core.package_identification:_identify(models/tower_crane) by extension 'cmake'
[0.243s] Level 1:colcon.colcon_core.package_identification:_identify(models/tower_crane) by extension 'python'
[0.243s] Level 1:colcon.colcon_core.package_identification:_identify(models/tower_crane) by extensions ['python_setup_py']
[0.243s] Level 1:colcon.colcon_core.package_identification:_identify(models/tower_crane) by extension 'python_setup_py'
[0.243s] Level 1:colcon.colcon_core.package_identification:_identify(models/tower_crane/meshes) by extensions ['ignore', 'ignore_ament_install']
[0.243s] Level 1:colcon.colcon_core.package_identification:_identify(models/tower_crane/meshes) by extension 'ignore'
[0.243s] Level 1:colcon.colcon_core.package_identification:_identify(models/tower_crane/meshes) by extension 'ignore_ament_install'
[0.243s] Level 1:colcon.colcon_core.package_identification:_identify(models/tower_crane/meshes) by extensions ['colcon_pkg']
[0.243s] Level 1:colcon.colcon_core.package_identification:_identify(models/tower_crane/meshes) by extension 'colcon_pkg'
[0.243s] Level 1:colcon.colcon_core.package_identification:_identify(models/tower_crane/meshes) by extensions ['colcon_meta']
[0.243s] Level 1:colcon.colcon_core.package_identification:_identify(models/tower_crane/meshes) by extension 'colcon_meta'
[0.243s] Level 1:colcon.colcon_core.package_identification:_identify(models/tower_crane/meshes) by extensions ['ros']
[0.243s] Level 1:colcon.colcon_core.package_identification:_identify(models/tower_crane/meshes) by extension 'ros'
[0.243s] Level 1:colcon.colcon_core.package_identification:_identify(models/tower_crane/meshes) by extensions ['cmake', 'python']
[0.243s] Level 1:colcon.colcon_core.package_identification:_identify(models/tower_crane/meshes) by extension 'cmake'
[0.244s] Level 1:colcon.colcon_core.package_identification:_identify(models/tower_crane/meshes) by extension 'python'
[0.244s] Level 1:colcon.colcon_core.package_identification:_identify(models/tower_crane/meshes) by extensions ['python_setup_py']
[0.244s] Level 1:colcon.colcon_core.package_identification:_identify(models/tower_crane/meshes) by extension 'python_setup_py'
[0.244s] Level 1:colcon.colcon_core.package_identification:_identify(rosbag) by extensions ['ignore', 'ignore_ament_install']
[0.244s] Level 1:colcon.colcon_core.package_identification:_identify(rosbag) by extension 'ignore'
[0.244s] Level 1:colcon.colcon_core.package_identification:_identify(rosbag) by extension 'ignore_ament_install'
[0.244s] Level 1:colcon.colcon_core.package_identification:_identify(rosbag) by extensions ['colcon_pkg']
[0.244s] Level 1:colcon.colcon_core.package_identification:_identify(rosbag) by extension 'colcon_pkg'
[0.244s] Level 1:colcon.colcon_core.package_identification:_identify(rosbag) by extensions ['colcon_meta']
[0.244s] Level 1:colcon.colcon_core.package_identification:_identify(rosbag) by extension 'colcon_meta'
[0.244s] Level 1:colcon.colcon_core.package_identification:_identify(rosbag) by extensions ['ros']
[0.244s] Level 1:colcon.colcon_core.package_identification:_identify(rosbag) by extension 'ros'
[0.244s] Level 1:colcon.colcon_core.package_identification:_identify(rosbag) by extensions ['cmake', 'python']
[0.244s] Level 1:colcon.colcon_core.package_identification:_identify(rosbag) by extension 'cmake'
[0.244s] Level 1:colcon.colcon_core.package_identification:_identify(rosbag) by extension 'python'
[0.244s] Level 1:colcon.colcon_core.package_identification:_identify(rosbag) by extensions ['python_setup_py']
[0.244s] Level 1:colcon.colcon_core.package_identification:_identify(rosbag) by extension 'python_setup_py'
[0.244s] Level 1:colcon.colcon_core.package_identification:_identify(scripts) by extensions ['ignore', 'ignore_ament_install']
[0.244s] Level 1:colcon.colcon_core.package_identification:_identify(scripts) by extension 'ignore'
[0.244s] Level 1:colcon.colcon_core.package_identification:_identify(scripts) by extension 'ignore_ament_install'
[0.244s] Level 1:colcon.colcon_core.package_identification:_identify(scripts) by extensions ['colcon_pkg']
[0.244s] Level 1:colcon.colcon_core.package_identification:_identify(scripts) by extension 'colcon_pkg'
[0.244s] Level 1:colcon.colcon_core.package_identification:_identify(scripts) by extensions ['colcon_meta']
[0.244s] Level 1:colcon.colcon_core.package_identification:_identify(scripts) by extension 'colcon_meta'
[0.244s] Level 1:colcon.colcon_core.package_identification:_identify(scripts) by extensions ['ros']
[0.244s] Level 1:colcon.colcon_core.package_identification:_identify(scripts) by extension 'ros'
[0.244s] Level 1:colcon.colcon_core.package_identification:_identify(scripts) by extensions ['cmake', 'python']
[0.245s] Level 1:colcon.colcon_core.package_identification:_identify(scripts) by extension 'cmake'
[0.245s] Level 1:colcon.colcon_core.package_identification:_identify(scripts) by extension 'python'
[0.245s] Level 1:colcon.colcon_core.package_identification:_identify(scripts) by extensions ['python_setup_py']
[0.245s] Level 1:colcon.colcon_core.package_identification:_identify(scripts) by extension 'python_setup_py'
[0.245s] Level 1:colcon.colcon_core.package_identification:_identify(tmuxinator) by extensions ['ignore', 'ignore_ament_install']
[0.245s] Level 1:colcon.colcon_core.package_identification:_identify(tmuxinator) by extension 'ignore'
[0.245s] Level 1:colcon.colcon_core.package_identification:_identify(tmuxinator) by extension 'ignore_ament_install'
[0.245s] Level 1:colcon.colcon_core.package_identification:_identify(tmuxinator) by extensions ['colcon_pkg']
[0.245s] Level 1:colcon.colcon_core.package_identification:_identify(tmuxinator) by extension 'colcon_pkg'
[0.245s] Level 1:colcon.colcon_core.package_identification:_identify(tmuxinator) by extensions ['colcon_meta']
[0.245s] Level 1:colcon.colcon_core.package_identification:_identify(tmuxinator) by extension 'colcon_meta'
[0.245s] Level 1:colcon.colcon_core.package_identification:_identify(tmuxinator) by extensions ['ros']
[0.245s] Level 1:colcon.colcon_core.package_identification:_identify(tmuxinator) by extension 'ros'
[0.245s] Level 1:colcon.colcon_core.package_identification:_identify(tmuxinator) by extensions ['cmake', 'python']
[0.245s] Level 1:colcon.colcon_core.package_identification:_identify(tmuxinator) by extension 'cmake'
[0.245s] Level 1:colcon.colcon_core.package_identification:_identify(tmuxinator) by extension 'python'
[0.245s] Level 1:colcon.colcon_core.package_identification:_identify(tmuxinator) by extensions ['python_setup_py']
[0.245s] Level 1:colcon.colcon_core.package_identification:_identify(tmuxinator) by extension 'python_setup_py'
[0.245s] Level 1:colcon.colcon_core.package_identification:_identify(trees) by extensions ['ignore', 'ignore_ament_install']
[0.245s] Level 1:colcon.colcon_core.package_identification:_identify(trees) by extension 'ignore'
[0.245s] Level 1:colcon.colcon_core.package_identification:_identify(trees) by extension 'ignore_ament_install'
[0.245s] Level 1:colcon.colcon_core.package_identification:_identify(trees) by extensions ['colcon_pkg']
[0.245s] Level 1:colcon.colcon_core.package_identification:_identify(trees) by extension 'colcon_pkg'
[0.245s] Level 1:colcon.colcon_core.package_identification:_identify(trees) by extensions ['colcon_meta']
[0.245s] Level 1:colcon.colcon_core.package_identification:_identify(trees) by extension 'colcon_meta'
[0.245s] Level 1:colcon.colcon_core.package_identification:_identify(trees) by extensions ['ros']
[0.245s] Level 1:colcon.colcon_core.package_identification:_identify(trees) by extension 'ros'
[0.246s] Level 1:colcon.colcon_core.package_identification:_identify(trees) by extensions ['cmake', 'python']
[0.246s] Level 1:colcon.colcon_core.package_identification:_identify(trees) by extension 'cmake'
[0.246s] Level 1:colcon.colcon_core.package_identification:_identify(trees) by extension 'python'
[0.246s] Level 1:colcon.colcon_core.package_identification:_identify(trees) by extensions ['python_setup_py']
[0.246s] Level 1:colcon.colcon_core.package_identification:_identify(trees) by extension 'python_setup_py'
[0.246s] Level 1:colcon.colcon_core.package_identification:_identify(utils) by extensions ['ignore', 'ignore_ament_install']
[0.246s] Level 1:colcon.colcon_core.package_identification:_identify(utils) by extension 'ignore'
[0.246s] Level 1:colcon.colcon_core.package_identification:_identify(utils) by extension 'ignore_ament_install'
[0.246s] Level 1:colcon.colcon_core.package_identification:_identify(utils) by extensions ['colcon_pkg']
[0.246s] Level 1:colcon.colcon_core.package_identification:_identify(utils) by extension 'colcon_pkg'
[0.246s] Level 1:colcon.colcon_core.package_identification:_identify(utils) by extensions ['colcon_meta']
[0.246s] Level 1:colcon.colcon_core.package_identification:_identify(utils) by extension 'colcon_meta'
[0.246s] Level 1:colcon.colcon_core.package_identification:_identify(utils) by extensions ['ros']
[0.246s] Level 1:colcon.colcon_core.package_identification:_identify(utils) by extension 'ros'
[0.246s] Level 1:colcon.colcon_core.package_identification:_identify(utils) by extensions ['cmake', 'python']
[0.246s] Level 1:colcon.colcon_core.package_identification:_identify(utils) by extension 'cmake'
[0.246s] Level 1:colcon.colcon_core.package_identification:_identify(utils) by extension 'python'
[0.246s] Level 1:colcon.colcon_core.package_identification:_identify(utils) by extensions ['python_setup_py']
[0.246s] Level 1:colcon.colcon_core.package_identification:_identify(utils) by extension 'python_setup_py'
[0.246s] Level 1:colcon.colcon_core.package_identification:_identify(worlds) by extensions ['ignore', 'ignore_ament_install']
[0.246s] Level 1:colcon.colcon_core.package_identification:_identify(worlds) by extension 'ignore'
[0.246s] Level 1:colcon.colcon_core.package_identification:_identify(worlds) by extension 'ignore_ament_install'
[0.246s] Level 1:colcon.colcon_core.package_identification:_identify(worlds) by extensions ['colcon_pkg']
[0.246s] Level 1:colcon.colcon_core.package_identification:_identify(worlds) by extension 'colcon_pkg'
[0.246s] Level 1:colcon.colcon_core.package_identification:_identify(worlds) by extensions ['colcon_meta']
[0.246s] Level 1:colcon.colcon_core.package_identification:_identify(worlds) by extension 'colcon_meta'
[0.246s] Level 1:colcon.colcon_core.package_identification:_identify(worlds) by extensions ['ros']
[0.246s] Level 1:colcon.colcon_core.package_identification:_identify(worlds) by extension 'ros'
[0.247s] Level 1:colcon.colcon_core.package_identification:_identify(worlds) by extensions ['cmake', 'python']
[0.247s] Level 1:colcon.colcon_core.package_identification:_identify(worlds) by extension 'cmake'
[0.247s] Level 1:colcon.colcon_core.package_identification:_identify(worlds) by extension 'python'
[0.247s] Level 1:colcon.colcon_core.package_identification:_identify(worlds) by extensions ['python_setup_py']
[0.247s] Level 1:colcon.colcon_core.package_identification:_identify(worlds) by extension 'python_setup_py'
[0.247s] Level 1:colcon.colcon_core.package_discovery:discover_packages(recursive) using defaults
[0.247s] Level 1:colcon.colcon_core.package_discovery:discover_packages(ignore) discover
[0.247s] Level 1:colcon.colcon_core.package_discovery:discover_packages(ignore) using defaults
[0.247s] Level 1:colcon.colcon_core.package_discovery:discover_packages(path) discover
[0.247s] Level 1:colcon.colcon_core.package_discovery:discover_packages(path) using defaults
[0.270s] Level 1:colcon.colcon_core.package_discovery:discover_packages(prefix_path) check parameters
[0.270s] Level 1:colcon.colcon_core.package_discovery:discover_packages(prefix_path) discover
[0.273s] DEBUG:colcon.colcon_installed_package_information.package_discovery:Found 28 installed packages in /home/wonny/word/install
[0.274s] DEBUG:colcon.colcon_installed_package_information.package_discovery:Found 277 installed packages in /opt/ros/humble
[0.275s] Level 1:colcon.colcon_core.package_discovery:discover_packages(prefix_path) using defaults
[0.304s] INFO:colcon.colcon_core.executor:Executing jobs using 'parallel' executor
[0.305s] DEBUG:colcon.colcon_parallel_executor.executor.parallel:run_until_complete
[0.305s] DEBUG:colcon.colcon_parallel_executor.executor.parallel:closing loop
[0.305s] DEBUG:colcon.colcon_parallel_executor.executor.parallel:loop closed
[0.305s] DEBUG:colcon.colcon_parallel_executor.executor.parallel:run_until_complete finished with '0'
[0.305s] DEBUG:colcon.colcon_core.event_reactor:joining thread
[0.311s] INFO:colcon.colcon_core.plugin_system:Skipping extension 'colcon_notification.desktop_notification.terminal_notifier': Not used on non-Darwin systems
[0.311s] INFO:colcon.colcon_core.plugin_system:Skipping extension 'colcon_notification.desktop_notification.win32': Not used on non-Windows systems
[0.311s] INFO:colcon.colcon_notification.desktop_notification:Sending desktop notification using 'notify2'
[0.326s] DEBUG:colcon.colcon_core.event_reactor:joined thread
[0.328s] INFO:colcon.colcon_core.plugin_system:Skipping extension 'colcon_core.shell.bat': Not used on non-Windows systems
[0.328s] INFO:colcon.colcon_core.shell:Creating prefix script '/home/wonny/word/src/project_gazebo/install/local_setup.ps1'
[0.329s] INFO:colcon.colcon_core.shell:Creating prefix util module '/home/wonny/word/src/project_gazebo/install/_local_setup_util_ps1.py'
[0.330s] INFO:colcon.colcon_core.shell:Creating prefix chain script '/home/wonny/word/src/project_gazebo/install/setup.ps1'
[0.331s] INFO:colcon.colcon_core.shell:Creating prefix script '/home/wonny/word/src/project_gazebo/install/local_setup.sh'
[0.332s] INFO:colcon.colcon_core.shell:Creating prefix util module '/home/wonny/word/src/project_gazebo/install/_local_setup_util_sh.py'
[0.332s] INFO:colcon.colcon_core.shell:Creating prefix chain script '/home/wonny/word/src/project_gazebo/install/setup.sh'
[0.334s] INFO:colcon.colcon_core.shell:Creating prefix script '/home/wonny/word/src/project_gazebo/install/local_setup.bash'
[0.334s] INFO:colcon.colcon_core.shell:Creating prefix chain script '/home/wonny/word/src/project_gazebo/install/setup.bash'
[0.336s] INFO:colcon.colcon_core.shell:Creating prefix script '/home/wonny/word/src/project_gazebo/install/local_setup.zsh'
[0.336s] INFO:colcon.colcon_core.shell:Creating prefix chain script '/home/wonny/word/src/project_gazebo/install/setup.zsh'
